<?xml version="1.0" encoding="UTF-8"?>
<testsuite name="TestSuite" time="6.42" tests="3" errors="0" skipped="0" failures="0">
  <properties>
    <property name="idea.version" value="2021.1.2"/>
    <property name="java.runtime.name" value="Java(TM) SE Runtime Environment"/>
    <property name="java.vm.version" value="19.0.1+10-21"/>
    <property name="sun.boot.library.path" value="D:\java\JDK\jdk19\bin"/>
    <property name="maven.multiModuleProjectDirectory" value="D:\workspace\IDEA\UiTest"/>
    <property name="java.vm.vendor" value="Oracle Corporation"/>
    <property name="java.vendor.url" value="https://java.oracle.com/"/>
    <property name="guice.disable.misplaced.annotation.check" value="true"/>
    <property name="path.separator" value=";"/>
    <property name="java.vm.name" value="Java HotSpot(TM) 64-Bit Server VM"/>
    <property name="sun.os.patch.level" value=""/>
    <property name="user.script" value=""/>
    <property name="user.country" value="CN"/>
    <property name="sun.java.launcher" value="SUN_STANDARD"/>
    <property name="java.vm.specification.name" value="Java Virtual Machine Specification"/>
    <property name="user.dir" value="D:\workspace\IDEA\UiTest"/>
    <property name="java.vm.compressedOopsMode" value="Zero based"/>
    <property name="java.runtime.version" value="19.0.1+10-21"/>
    <property name="os.arch" value="amd64"/>
    <property name="java.io.tmpdir" value="C:\Users\Tester\AppData\Local\Temp\"/>
    <property name="line.separator" value="&#10;"/>
    <property name="java.vm.specification.vendor" value="Oracle Corporation"/>
    <property name="user.variant" value=""/>
    <property name="stderr.encoding" value="GBK"/>
    <property name="os.name" value="Windows 10"/>
    <property name="maven.ext.class.path" value="D:\soft\IntelliJ IDEA 2021.1.2\plugins\maven\lib\maven-event-listener.jar"/>
    <property name="classworlds.conf" value="D:\java\apache-maven-3.5.2\bin\m2.conf"/>
    <property name="sun.jnu.encoding" value="GBK"/>
    <property name="stdout.encoding" value="GBK"/>
    <property name="java.library.path" value="D:\java\JDK\jdk19\bin;C:\Windows\Sun\Java\bin;C:\Windows\system32;C:\Windows;C:\app\Tester\product\11.2.0\dbhome_1\bin;C:\Program Files\Common Files\Oracle\Java\javapath;C:\Windows\system32;C:\Windows;C:\Windows\System32\Wbem;C:\Windows\System32\WindowsPowerShell\v1.0\;C:\Windows\System32\OpenSSH\;D:\java\JDK\jdk19\bin;D:\soft\svn\bin;D:\java\apache-maven-3.5.2\bin;D:\soft\node\;D:\java\sdk\tools;D:\soft\jmeter\apache-jmeter-5.4.3\bin;C:\Users\Tester\AppData\Local\Microsoft\WindowsApps;C:\Users\Tester\AppData\Roaming\npm;."/>
    <property name="maven.conf" value="D:\java\apache-maven-3.5.2/conf"/>
    <property name="jdk.debug" value="release"/>
    <property name="java.class.version" value="63.0"/>
    <property name="java.specification.name" value="Java Platform API Specification"/>
    <property name="sun.management.compiler" value="HotSpot 64-Bit Tiered Compilers"/>
    <property name="maven.repo.local" value="D:\workspace\maven_localhost"/>
    <property name="os.version" value="10.0"/>
    <property name="user.home" value="C:\Users\Tester"/>
    <property name="user.timezone" value="Asia/Shanghai"/>
    <property name="file.encoding" value="gb2312"/>
    <property name="java.specification.version" value="19"/>
    <property name="user.name" value="Tester"/>
    <property name="java.class.path" value="D:\java\apache-maven-3.5.2\boot\plexus-classworlds-2.5.2.jar"/>
    <property name="java.vm.specification.version" value="19"/>
    <property name="sun.arch.data.model" value="64"/>
    <property name="sun.java.command" value="org.codehaus.classworlds.Launcher -Didea.version=2021.1.2 -s D:\java\apache-maven-3.5.2\conf\settings.xml -Dmaven.repo.local=D:\workspace\maven_localhost install --non-recursive"/>
    <property name="java.home" value="D:\java\JDK\jdk19"/>
    <property name="user.language" value="zh"/>
    <property name="java.specification.vendor" value="Oracle Corporation"/>
    <property name="java.vm.info" value="mixed mode, sharing"/>
    <property name="java.version" value="19.0.1"/>
    <property name="native.encoding" value="GBK"/>
    <property name="java.vendor" value="Oracle Corporation"/>
    <property name="maven.home" value="D:\java\apache-maven-3.5.2"/>
    <property name="file.separator" value="\"/>
    <property name="java.version.date" value="2022-10-18"/>
    <property name="java.vendor.url.bug" value="https://bugreport.java.com/bugreport/"/>
    <property name="sun.io.unicode.encoding" value="UnicodeLittle"/>
    <property name="sun.cpu.endian" value="little"/>
    <property name="sun.cpu.isalist" value="amd64"/>
  </properties>
  <testcase name="login" classname="cases.LoginTest" time="2.197"/>
  <testcase name="login" classname="cases.LoginTest" time="2.116"/>
  <testcase name="login" classname="cases.LoginTest" time="2.107"/>
</testsuite>